mode: set
echo_url_shortner/cmd/api/handlers.go:13.46,15.2 1 1
echo_url_shortner/cmd/api/handlers.go:17.44,19.2 1 0
echo_url_shortner/cmd/api/handlers.go:21.48,27.37 3 1
echo_url_shortner/cmd/api/handlers.go:27.37,30.3 2 1
echo_url_shortner/cmd/api/handlers.go:32.2,40.16 3 1
echo_url_shortner/cmd/api/handlers.go:40.16,42.29 2 0
echo_url_shortner/cmd/api/handlers.go:42.29,43.45 1 0
echo_url_shortner/cmd/api/handlers.go:43.45,45.5 1 0
echo_url_shortner/cmd/api/handlers.go:47.3,47.73 1 0
echo_url_shortner/cmd/api/handlers.go:50.2,50.35 1 1
echo_url_shortner/cmd/api/handlers.go:53.45,57.16 3 0
echo_url_shortner/cmd/api/handlers.go:57.16,59.3 1 0
echo_url_shortner/cmd/api/handlers.go:61.2,61.15 1 0
echo_url_shortner/cmd/api/handlers.go:61.15,63.3 1 0
echo_url_shortner/cmd/api/handlers.go:65.2,65.25 1 0
echo_url_shortner/cmd/api/helpers.go:11.59,13.19 2 1
echo_url_shortner/cmd/api/helpers.go:13.19,17.3 3 1
echo_url_shortner/cmd/api/helpers.go:18.2,18.18 1 1
echo_url_shortner/cmd/api/main.go:16.13,21.45 4 0
echo_url_shortner/cmd/api/main.go:21.45,22.37 1 0
echo_url_shortner/cmd/api/main.go:25.2,29.16 4 0
echo_url_shortner/cmd/api/main.go:29.16,30.13 1 0
echo_url_shortner/cmd/api/main.go:32.2,40.16 6 0
echo_url_shortner/cmd/api/main.go:40.16,42.3 1 0
echo_url_shortner/cmd/api/routes.go:8.42,12.55 4 1
echo_url_shortner/cmd/api/routes.go:12.55,13.42 1 0
echo_url_shortner/cmd/api/routes.go:13.42,14.38 1 0
echo_url_shortner/cmd/api/routes.go:14.38,16.5 1 0
echo_url_shortner/cmd/api/routes.go:16.10,18.5 1 0
